<?xml version="1.0" encoding="UTF-8"?>
<!-- Generated by org.testng.reporters.JUnitXMLReporter -->
<testsuite ignored="2" hostname="LAPTOP-VOS5FRST" failures="0" tests="1" name="Default test" time="25.05" errors="0" timestamp="2021-02-19T14:35:13 IST">
  <testcase classname="testcases.corousel" name="fundlink" time="14.254"/>
  <testcase classname="testcases.corousel" name="crouseltestforward" time="0.0">
    <ignored/>
  </testcase> <!-- crouseltestforward -->
  <testcase classname="testcases.corousel" name="crouseltestbackward" time="0.0">
    <ignored/>
  </testcase> <!-- crouseltestbackward -->
</testsuite> <!-- Default test -->
