<?xml version="1.0" encoding="UTF-8"?>
<!-- Generated by org.testng.reporters.JUnitXMLReporter -->
<testsuite ignored="0" hostname="LAPTOP-VOS5FRST" failures="4" tests="7" name="Test" time="209.207" errors="0" timestamp="2021-03-07T14:51:09 IST">
  <testcase classname="testcases.Signin" name="basepageNavigation" time="52.936"/>
  <testcase classname="testcases.Signin" name="getUrl" time="0.02">
    <failure type="java.lang.AssertionError" message="expected [https://letsventure.com/join] but found [http://lvnew.surge.sh/contact-us.html]">
      <![CDATA[java.lang.AssertionError: expected [https://letsventure.com/join] but found [http://lvnew.surge.sh/contact-us.html]
at testcases.Signin.getUrl(Signin.java:33)
at java.base/java.util.ArrayList.forEach(ArrayList.java:1511)
... Removed 33 stack frames]]>
    </failure>
  </testcase> <!-- getUrl -->
  <testcase classname="testcases.signup" name="createsignup" time="55.563"/>
  <testcase classname="testcases.signup" name="getUrl" time="0.013">
    <failure type="java.lang.AssertionError" message="expected [https://letsventure.com/signup] but found [http://lvnew.surge.sh/contact-us.html]">
      <![CDATA[java.lang.AssertionError: expected [https://letsventure.com/signup] but found [http://lvnew.surge.sh/contact-us.html]
at testcases.signup.getUrl(signup.java:31)
at java.base/java.util.ArrayList.forEach(ArrayList.java:1511)
... Removed 33 stack frames]]>
    </failure>
  </testcase> <!-- getUrl -->
  <testcase classname="testcases.corousel" name="crouseltestforward" time="49.515"/>
  <testcase classname="testcases.corousel" name="fundlink" time="14.267">
    <failure type="org.openqa.selenium.WebDriverException" message="unknown error: failed to change window state to &amp;apos;normal&amp;apos;, current state is &amp;apos;maximized&amp;apos;
  (Session info: chrome=88.0.4324.190)
Build info: version: &amp;apos;3.141.59&amp;apos;, revision: &amp;apos;e82be7d358&amp;apos;, time: &amp;apos;2018-11-14T08:17:03&amp;apos;
System info: host: &amp;apos;LAPTOP-VOS5FRST&amp;apos;, ip: &amp;apos;192.168.43.131&amp;apos;, os.name: &amp;apos;Windows 10&amp;apos;, os.arch: &amp;apos;amd64&amp;apos;, os.version: &amp;apos;10.0&amp;apos;, java.version: &amp;apos;15.0.2&amp;apos;
Driver info: org.openqa.selenium.chrome.ChromeDriver
Capabilities {acceptInsecureCerts: false, browserName: chrome, browserVersion: 88.0.4324.190, chrome: {chromedriverVersion: 88.0.4324.27 (6347fe8bf1e48..., userDataDir: C:\Users\ABHISH~1\AppData\L...}, goog:chromeOptions: {debuggerAddress: localhost:59241}, javascriptEnabled: true, networkConnectionEnabled: false, pageLoadStrategy: normal, platform: WINDOWS, platformName: WINDOWS, proxy: Proxy(), setWindowRect: true, strictFileInteractability: false, timeouts: {implicit: 0, pageLoad: 300000, script: 30000}, unhandledPromptBehavior: dismiss and notify, webauthn:extension:largeBlob: true, webauthn:virtualAuthenticators: true}
Session ID: 555c291fa67f71598e97afcdf34ace94">
      <![CDATA[org.openqa.selenium.WebDriverException: unknown error: failed to change window state to 'normal', current state is 'maximized'
  (Session info: chrome=88.0.4324.190)
Build info: version: '3.141.59', revision: 'e82be7d358', time: '2018-11-14T08:17:03'
System info: host: 'LAPTOP-VOS5FRST', ip: '192.168.43.131', os.name: 'Windows 10', os.arch: 'amd64', os.version: '10.0', java.version: '15.0.2'
Driver info: org.openqa.selenium.chrome.ChromeDriver
Capabilities {acceptInsecureCerts: false, browserName: chrome, browserVersion: 88.0.4324.190, chrome: {chromedriverVersion: 88.0.4324.27 (6347fe8bf1e48..., userDataDir: C:\Users\ABHISH~1\AppData\L...}, goog:chromeOptions: {debuggerAddress: localhost:59241}, javascriptEnabled: true, networkConnectionEnabled: false, pageLoadStrategy: normal, platform: WINDOWS, platformName: WINDOWS, proxy: Proxy(), setWindowRect: true, strictFileInteractability: false, timeouts: {implicit: 0, pageLoad: 300000, script: 30000}, unhandledPromptBehavior: dismiss and notify, webauthn:extension:largeBlob: true, webauthn:virtualAuthenticators: true}
Session ID: 555c291fa67f71598e97afcdf34ace94
at org.openqa.selenium.remote.http.W3CHttpResponseCodec.createException(W3CHttpResponseCodec.java:187)
at org.openqa.selenium.remote.http.W3CHttpResponseCodec.decode(W3CHttpResponseCodec.java:122)
at org.openqa.selenium.remote.http.W3CHttpResponseCodec.decode(W3CHttpResponseCodec.java:49)
at org.openqa.selenium.remote.HttpCommandExecutor.execute(HttpCommandExecutor.java:158)
at org.openqa.selenium.remote.service.DriverCommandExecutor.execute(DriverCommandExecutor.java:83)
at org.openqa.selenium.remote.RemoteWebDriver.execute(RemoteWebDriver.java:552)
at org.openqa.selenium.remote.RemoteWebDriver.execute(RemoteWebDriver.java:609)
at org.openqa.selenium.remote.RemoteWebDriver$RemoteWebDriverOptions$RemoteWindow.maximize(RemoteWebDriver.java:837)
at testcases.corousel.fundlink(corousel.java:54)
at java.base/java.util.ArrayList.forEach(ArrayList.java:1511)
... Removed 32 stack frames]]>
    </failure>
  </testcase> <!-- fundlink -->
  <testcase classname="testcases.corousel" name="crouseltestbackward" time="23.344">
    <failure type="org.openqa.selenium.WebDriverException" message="unknown error: failed to change window state to &amp;apos;normal&amp;apos;, current state is &amp;apos;maximized&amp;apos;
  (Session info: chrome=88.0.4324.190)
Build info: version: &amp;apos;3.141.59&amp;apos;, revision: &amp;apos;e82be7d358&amp;apos;, time: &amp;apos;2018-11-14T08:17:03&amp;apos;
System info: host: &amp;apos;LAPTOP-VOS5FRST&amp;apos;, ip: &amp;apos;192.168.43.131&amp;apos;, os.name: &amp;apos;Windows 10&amp;apos;, os.arch: &amp;apos;amd64&amp;apos;, os.version: &amp;apos;10.0&amp;apos;, java.version: &amp;apos;15.0.2&amp;apos;
Driver info: org.openqa.selenium.chrome.ChromeDriver
Capabilities {acceptInsecureCerts: false, browserName: chrome, browserVersion: 88.0.4324.190, chrome: {chromedriverVersion: 88.0.4324.27 (6347fe8bf1e48..., userDataDir: C:\Users\ABHISH~1\AppData\L...}, goog:chromeOptions: {debuggerAddress: localhost:59241}, javascriptEnabled: true, networkConnectionEnabled: false, pageLoadStrategy: normal, platform: WINDOWS, platformName: WINDOWS, proxy: Proxy(), setWindowRect: true, strictFileInteractability: false, timeouts: {implicit: 0, pageLoad: 300000, script: 30000}, unhandledPromptBehavior: dismiss and notify, webauthn:extension:largeBlob: true, webauthn:virtualAuthenticators: true}
Session ID: 555c291fa67f71598e97afcdf34ace94">
      <![CDATA[org.openqa.selenium.WebDriverException: unknown error: failed to change window state to 'normal', current state is 'maximized'
  (Session info: chrome=88.0.4324.190)
Build info: version: '3.141.59', revision: 'e82be7d358', time: '2018-11-14T08:17:03'
System info: host: 'LAPTOP-VOS5FRST', ip: '192.168.43.131', os.name: 'Windows 10', os.arch: 'amd64', os.version: '10.0', java.version: '15.0.2'
Driver info: org.openqa.selenium.chrome.ChromeDriver
Capabilities {acceptInsecureCerts: false, browserName: chrome, browserVersion: 88.0.4324.190, chrome: {chromedriverVersion: 88.0.4324.27 (6347fe8bf1e48..., userDataDir: C:\Users\ABHISH~1\AppData\L...}, goog:chromeOptions: {debuggerAddress: localhost:59241}, javascriptEnabled: true, networkConnectionEnabled: false, pageLoadStrategy: normal, platform: WINDOWS, platformName: WINDOWS, proxy: Proxy(), setWindowRect: true, strictFileInteractability: false, timeouts: {implicit: 0, pageLoad: 300000, script: 30000}, unhandledPromptBehavior: dismiss and notify, webauthn:extension:largeBlob: true, webauthn:virtualAuthenticators: true}
Session ID: 555c291fa67f71598e97afcdf34ace94
at org.openqa.selenium.remote.http.W3CHttpResponseCodec.createException(W3CHttpResponseCodec.java:187)
at org.openqa.selenium.remote.http.W3CHttpResponseCodec.decode(W3CHttpResponseCodec.java:122)
at org.openqa.selenium.remote.http.W3CHttpResponseCodec.decode(W3CHttpResponseCodec.java:49)
at org.openqa.selenium.remote.HttpCommandExecutor.execute(HttpCommandExecutor.java:158)
at org.openqa.selenium.remote.service.DriverCommandExecutor.execute(DriverCommandExecutor.java:83)
at org.openqa.selenium.remote.RemoteWebDriver.execute(RemoteWebDriver.java:552)
at org.openqa.selenium.remote.RemoteWebDriver.execute(RemoteWebDriver.java:609)
at org.openqa.selenium.remote.RemoteWebDriver$RemoteWebDriverOptions$RemoteWindow.maximize(RemoteWebDriver.java:837)
at testcases.corousel.crouseltestbackward(corousel.java:41)
at java.base/java.util.ArrayList.forEach(ArrayList.java:1511)
... Removed 32 stack frames]]>
    </failure>
  </testcase> <!-- crouseltestbackward -->
</testsuite> <!-- Test -->
