<?xml version="1.0" encoding="UTF-8"?>
<!-- Generated by org.testng.reporters.JUnitXMLReporter -->
<testsuite ignored="0" hostname="LAPTOP-VOS5FRST" failures="0" tests="8" name="Test" time="0.055" errors="0" timestamp="2021-03-09T18:25:35 IST">
  <testcase classname="testcases.Signin" name="@BeforeTest initilize" time="0.012">
    <failure type="java.io.FileNotFoundException" message="C:\eclipse-workspace\Venture\src\main\java\Automation\Venture\data.properties (The system cannot find the path specified)">
      <![CDATA[java.io.FileNotFoundException: C:\eclipse-workspace\Venture\src\main\java\Automation\Venture\data.properties (The system cannot find the path specified)
at java.base/java.io.FileInputStream.open0(Native Method)
at java.base/java.io.FileInputStream.open(FileInputStream.java:211)
at java.base/java.io.FileInputStream.<init>(FileInputStream.java:153)
at java.base/java.io.FileInputStream.<init>(FileInputStream.java:108)
at resources.java.base.initializedriver(base.java:23)
at testcases.Signin.initilize(Signin.java:19)
... Removed 28 stack frames]]>
    </failure>
  </testcase> <!-- @BeforeTest initilize -->
  <testcase classname="testcases.corousel" name="@BeforeTest initilize" time="-1.615294535591E9">
    <skipped/>
  </testcase> <!-- @BeforeTest initilize -->
  <testcase classname="testcases.signup" name="@BeforeTest initilize" time="-1.615294535592E9">
    <skipped/>
  </testcase> <!-- @BeforeTest initilize -->
  <testcase classname="testcases.Signin" name="basepageNavigation" time="0.0">
    <skipped/>
  </testcase> <!-- basepageNavigation -->
  <testcase classname="testcases.Signin" name="getUrl" time="0.0">
    <skipped/>
  </testcase> <!-- getUrl -->
  <testcase classname="testcases.Signin" name="signin" time="0.0">
    <skipped/>
  </testcase> <!-- signin -->
  <testcase classname="testcases.signup" name="createsignup" time="0.0">
    <skipped/>
  </testcase> <!-- createsignup -->
  <testcase classname="testcases.signup" name="getUrl" time="0.0">
    <skipped/>
  </testcase> <!-- getUrl -->
  <testcase classname="testcases.corousel" name="crouseltestforward" time="0.0">
    <skipped/>
  </testcase> <!-- crouseltestforward -->
  <testcase classname="testcases.corousel" name="crouseltestbackward" time="0.0">
    <skipped/>
  </testcase> <!-- crouseltestbackward -->
  <testcase classname="testcases.corousel" name="fundlink" time="0.0">
    <skipped/>
  </testcase> <!-- fundlink -->
</testsuite> <!-- Test -->
